<?xml version="1.0" encoding="utf-8"?><testsuites name="pytest tests"><testsuite name="pytest" errors="0" failures="0" skipped="0" tests="11" time="3.984" timestamp="2026-06-13T22:46:17.704597+00:00" hostname="agent-env-675a1f8b-3d35-4ac6-a075-f55e2e8150b0"><testcase classname="backend.tests.test_iteration2.TestCsvExport" name="test_export_requires_auth" time="0.240" /><testcase classname="backend.tests.test_iteration2.TestCsvExport" name="test_export_returns_csv_with_headers" time="0.455" /><testcase classname="backend.tests.test_iteration2.TestCsvImport" name="test_import_creates_games_and_skips_invalid" time="0.471" /><testcase classname="backend.tests.test_iteration2.TestCsvImport" name="test_import_rejects_non_csv" time="0.047" /><testcase classname="backend.tests.test_iteration2.TestActivityFeed" name="test_feed_empty_for_no_friends" time="0.052" /><testcase classname="backend.tests.test_iteration2.TestActivityFeed" name="test_feed_returns_added_and_session_events_for_friend" time="0.298" /><testcase classname="backend.tests.test_iteration2.TestResetPasswordE2E" name="test_forgot_then_reset_then_login" time="1.974" /><testcase classname="backend.tests.test_iteration2.TestGetGameByIdRegression" name="test_get_game_after_route_changes" time="0.089" /><testcase classname="backend.tests.test_iteration2.TestGetGameByIdRegression" name="test_export_csv_path_does_not_match_get_game" time="0.048" /><testcase classname="backend.tests.test_iteration2.TestPwaStatic" name="test_manifest_served" time="0.103" /><testcase classname="backend.tests.test_iteration2.TestPwaStatic" name="test_sw_served" time="0.121" /></testsuite></testsuites>