<?xml version="1.0" encoding="utf-8"?><testsuites name="pytest tests"><testsuite name="pytest" errors="0" failures="0" skipped="0" tests="28" time="8.006" timestamp="2026-06-13T22:33:06.426201+00:00" hostname="agent-env-675a1f8b-3d35-4ac6-a075-f55e2e8150b0"><testcase classname="backend.tests.test_gamevault.TestAuth" name="test_register_creates_user_and_sets_cookies" time="0.566" /><testcase classname="backend.tests.test_gamevault.TestAuth" name="test_login_admin_and_me" time="0.433" /><testcase classname="backend.tests.test_gamevault.TestAuth" name="test_forgot_password_returns_200" time="0.109" /><testcase classname="backend.tests.test_gamevault.TestAuth" name="test_reset_password_invalid_token" time="0.127" /><testcase classname="backend.tests.test_gamevault.TestAuth" name="test_logout_clears_cookies" time="0.461" /><testcase classname="backend.tests.test_gamevault.TestGames" name="test_create_game" time="0.052" /><testcase classname="backend.tests.test_gamevault.TestGames" name="test_list_games_returns_created" time="0.046" /><testcase classname="backend.tests.test_gamevault.TestGames" name="test_filter_by_status" time="0.049" /><testcase classname="backend.tests.test_gamevault.TestGames" name="test_filter_by_platform_regex" time="0.048" /><testcase classname="backend.tests.test_gamevault.TestGames" name="test_filter_by_year" time="0.046" /><testcase classname="backend.tests.test_gamevault.TestGames" name="test_sort_alpha" time="0.048" /><testcase classname="backend.tests.test_gamevault.TestGames" name="test_get_game_by_id" time="0.049" /><testcase classname="backend.tests.test_gamevault.TestGames" name="test_update_game" time="0.105" /><testcase classname="backend.tests.test_gamevault.TestGames" name="test_get_game_forbidden_for_non_friend" time="0.364" /><testcase classname="backend.tests.test_gamevault.TestBarcodeRawg" name="test_lookup_barcode_real" time="1.998" /><testcase classname="backend.tests.test_gamevault.TestBarcodeRawg" name="test_lookup_barcode_unknown" time="0.258" /><testcase classname="backend.tests.test_gamevault.TestBarcodeRawg" name="test_rawg_search" time="1.335" /><testcase classname="backend.tests.test_gamevault.TestSessions" name="test_create_session" time="0.098" /><testcase classname="backend.tests.test_gamevault.TestSessions" name="test_list_sessions_for_game" time="0.056" /><testcase classname="backend.tests.test_gamevault.TestSessions" name="test_sessions_all_enriched" time="0.048" /><testcase classname="backend.tests.test_gamevault.TestSessions" name="test_delete_session" time="0.045" /><testcase classname="backend.tests.test_gamevault.TestUpload" name="test_upload_and_serve" time="0.423" /><testcase classname="backend.tests.test_gamevault.TestFriends" name="test_user_search" time="0.048" /><testcase classname="backend.tests.test_gamevault.TestFriends" name="test_send_request" time="0.095" /><testcase classname="backend.tests.test_gamevault.TestFriends" name="test_accept_request" time="0.095" /><testcase classname="backend.tests.test_gamevault.TestFriends" name="test_friend_games_access" time="0.048" /><testcase classname="backend.tests.test_gamevault.TestFriends" name="test_non_friend_games_403" time="0.805" /><testcase classname="backend.tests.test_gamevault.TestStats" name="test_stats_shape" time="0.047" /></testsuite></testsuites>